[2024-05-25 20:14:08,416]INFO Attack - Пытаемся выполнить метод атаки цели. Сила атаки:
[2024-05-25 20:14:08,416]INFO Attack - 50
[2024-05-25 20:14:08,416]INFO Decrease_health - Пытаемся уменьшить здоровье робота. Текущее значение:
[2024-05-25 20:14:08,416]INFO Decrease_health - 100
[2024-05-25 20:14:08,416]INFO Decrease_health - Знаечние уменьшения:
[2024-05-25 20:14:08,416]INFO Decrease_health - 50
[2024-05-25 20:14:08,416]INFO Decrease_health - Здоровье робота установлено. Значение:
[2024-05-25 20:14:08,416]INFO Decrease_health - 50
[2024-05-25 20:14:08,416]INFO Attack - Метод атаки завершен.
[2024-05-25 20:14:08,416]INFO Can_kill_one_shot - Пытаемся выполнить метод проверки возможности убить цель одним выстрелом.
[2024-05-25 20:14:08,431]INFO Can_kill_one_shot - Сила атаки:
[2024-05-25 20:14:08,431]INFO Can_kill_one_shot - 50
[2024-05-25 20:14:08,431]INFO Can_kill_one_shot - Здоровье цели:
[2024-05-25 20:14:08,431]INFO Get_health - Возвращаем значение здоровья.
[2024-05-25 20:14:08,431]INFO Get_health - 50
[2024-05-25 20:14:08,431]INFO Can_kill_one_shot - Метод проверки возможности убить цель одним выстрелом завершен.
[2024-05-25 20:14:08,431]INFO Can_kill_one_shot - Результат:
[2024-05-25 20:14:08,431]INFO Can_kill_one_shot - True
[2024-05-25 20:14:08,431]INFO Run - Пытаемся выполнить метод бега робота.
[2024-05-25 20:14:08,431]INFO Set_speed - Пытаемся установить новую скорость роботу. Новое значение:
[2024-05-25 20:14:08,431]INFO Set_speed - 100
[2024-05-25 20:14:08,431]INFO Set_speed - Скорость робота установлена. Значение:
[2024-05-25 20:14:08,431]INFO Set_speed - 100
[2024-05-25 20:14:08,431]INFO Set_noise - Пытаемся изменить уровень шума робота. Новое значение:
[2024-05-25 20:14:08,431]INFO Set_noise - 200
[2024-05-25 20:14:08,431]INFO Set_noise - Уровень шума установлен. Значение:
[2024-05-25 20:14:08,431]INFO Set_noise - 200
[2024-05-25 20:14:08,431]INFO Set_temperature - Пытаемся изменить температуру робота. Новое значение:
[2024-05-25 20:14:08,431]INFO Set_temperature - 300
[2024-05-25 20:14:08,431]INFO Set_temperature - Температура робота установлена. Значение:
[2024-05-25 20:14:08,431]INFO Set_temperature - 300
[2024-05-25 20:14:08,431]INFO Run - Метод бега робота выполнен.
[2024-05-25 20:14:08,431]INFO Move_to - Пытаемся переместить робота на координаты x, y:
[2024-05-25 20:14:08,431]INFO Move_to - 1001
[2024-05-25 20:14:08,431]INFO Move_to - 101
[2024-05-25 20:14:08,431]WARNING Move_to - Робот не может быть перемещен за пределы карты.
[2024-05-25 20:14:08,432]INFO Move_to - Пытаемся переместить робота на координаты x, y:
[2024-05-25 20:14:08,432]INFO Move_to - 101
[2024-05-25 20:14:08,432]INFO Move_to - 101
[2024-05-25 20:14:08,432]INFO Move_to - Робот перемещен. Его координаты x, y:
[2024-05-25 20:14:08,432]INFO Move_to - 101
[2024-05-25 20:14:08,432]INFO Move_to - 101
[2024-05-25 20:14:08,432]INFO Attack - Пытаемся выполнить метод атаки цели. Сила атаки:
[2024-05-25 20:14:08,432]INFO Attack - 50
[2024-05-25 20:14:08,432]INFO Decrease_health - Пытаемся уменьшить здоровье робота. Текущее значение:
[2024-05-25 20:14:08,432]INFO Decrease_health - 100
[2024-05-25 20:14:08,432]INFO Decrease_health - Знаечние уменьшения:
[2024-05-25 20:14:08,432]INFO Decrease_health - 50
[2024-05-25 20:14:08,432]INFO Decrease_health - Здоровье робота установлено. Значение:
[2024-05-25 20:14:08,432]INFO Decrease_health - 50
[2024-05-25 20:14:08,432]INFO Attack - Метод атаки завершен.
[2024-05-25 20:14:08,432]INFO Attack - Пытаемся выполнить метод атаки цели. Сила атаки:
[2024-05-25 20:14:08,432]INFO Attack - 50
[2024-05-25 20:14:08,432]INFO Decrease_health - Пытаемся уменьшить здоровье робота. Текущее значение:
[2024-05-25 20:14:08,432]INFO Decrease_health - 50
[2024-05-25 20:14:08,432]INFO Decrease_health - Знаечние уменьшения:
[2024-05-25 20:14:08,432]INFO Decrease_health - 50
[2024-05-25 20:14:08,432]INFO Die - Пытаемся сделать робота мертвым.
[2024-05-25 20:14:08,432]INFO Stop - Пытаемся остановить робота.
[2024-05-25 20:14:08,432]INFO Set_speed - Пытаемся установить новую скорость роботу. Новое значение:
[2024-05-25 20:14:08,432]INFO Set_speed - 0
[2024-05-25 20:14:08,432]INFO Set_speed - Скорость робота установлена. Значение:
[2024-05-25 20:14:08,432]INFO Set_speed - 0
[2024-05-25 20:14:08,432]INFO Set_noise - Пытаемся изменить уровень шума робота. Новое значение:
[2024-05-25 20:14:08,432]INFO Set_noise - 0
[2024-05-25 20:14:08,432]INFO Set_noise - Уровень шума установлен. Значение:
[2024-05-25 20:14:08,432]INFO Set_noise - 0
[2024-05-25 20:14:08,432]INFO Set_temperature - Пытаемся изменить температуру робота. Новое значение:
[2024-05-25 20:14:08,432]INFO Set_temperature - 0
[2024-05-25 20:14:08,432]INFO Set_temperature - Температура робота установлена. Значение:
[2024-05-25 20:14:08,432]INFO Set_temperature - 0
[2024-05-25 20:14:08,432]INFO Stop - Робот остановлен.
[2024-05-25 20:14:08,432]INFO Die - Робот мёртв.
[2024-05-25 20:14:08,432]INFO Decrease_health - Здоровье робота установлено. Значение:
[2024-05-25 20:14:08,432]INFO Decrease_health - 0
[2024-05-25 20:14:08,432]INFO Attack - Метод атаки завершен.
[2024-05-25 20:14:08,432]INFO Resurrect - Пытаемся выполнить метод воскрешения.
[2024-05-25 20:14:08,432]INFO Get_health - Возвращаем значение здоровья.
[2024-05-25 20:14:08,432]INFO Get_health - 0
[2024-05-25 20:14:08,432]INFO Increase_health - Пытаемся увеличить здоровье робота. Текущее значение:
[2024-05-25 20:14:08,432]INFO Increase_health - 0
[2024-05-25 20:14:08,432]INFO Increase_health - Значение увелечения:
[2024-05-25 20:14:08,432]INFO Increase_health - 50
[2024-05-25 20:14:08,432]INFO Increase_health - Здоровье робота установлено. Значение:
[2024-05-25 20:14:08,432]INFO Increase_health - 50
[2024-05-25 20:14:08,432]INFO Resurrect - Метод воскрешения завершен.
[2024-05-25 20:14:08,432]INFO Heal - Пытаемся выпонить метод лечения. Сила лечения:
[2024-05-25 20:14:08,432]INFO Heal - 50
[2024-05-25 20:14:08,432]INFO Get_health - Возвращаем значение здоровья.
[2024-05-25 20:14:08,432]INFO Get_health - 50
[2024-05-25 20:14:08,432]INFO Increase_health - Пытаемся увеличить здоровье робота. Текущее значение:
[2024-05-25 20:14:08,432]INFO Increase_health - 50
[2024-05-25 20:14:08,432]INFO Increase_health - Значение увелечения:
[2024-05-25 20:14:08,432]INFO Increase_health - 50
[2024-05-25 20:14:08,432]INFO Increase_health - Здоровье робота установлено. Значение:
[2024-05-25 20:14:08,432]INFO Increase_health - 100
[2024-05-25 20:14:08,432]INFO Heal - Метод лечения выполнен.
